[2024-02-14T23:22:33.986491+00:00] app_logs.INFO: admin - Login com sucesso [] []
[2024-02-14T23:28:27.837832+00:00] app_logs.INFO: admin - fez logout [] []
[2024-02-14T23:33:19.738736+00:00] app_logs.INFO: admin - Login com sucesso [] []
[2024-02-14T23:37:18.511717+00:00] app_logs.INFO: admin - fez logout [] []
[2024-02-14T23:37:22.952038+00:00] app_logs.INFO: admin - Login com sucesso [] []
[2024-02-21T00:37:45.003319+00:00] app_logs.INFO: admin - Login com sucesso [] []
[2024-02-28T00:19:13.668882+00:00] app_logs.INFO: admin - Login com sucesso [] []
[2024-03-02T21:56:49.008405+00:00] app_logs.INFO: admin - Login com sucesso [] []
[2024-03-03T14:12:29.797688+00:00] app_logs.INFO: admin - Login com sucesso [] []
[2024-03-03T14:48:33.371393+00:00] app_logs.INFO: admin - fez logout [] []
[2024-03-03T14:48:38.598650+00:00] app_logs.INFO: admin - Login com sucesso [] []
[2024-03-03T14:48:40.923636+00:00] app_logs.INFO: admin - fez logout [] []
[2024-03-03T14:48:47.836446+00:00] app_logs.INFO: user1 - Login com sucesso [] []
[2024-03-03T14:48:49.754898+00:00] app_logs.INFO: user1 - fez logout [] []
[2024-03-03T14:48:55.669837+00:00] app_logs.INFO: user2 - Login com sucesso [] []
[2024-03-03T14:48:57.660047+00:00] app_logs.INFO: user2 - fez logout [] []
[2024-03-03T14:54:52.623073+00:00] app_logs.INFO: admin - Login com sucesso [] []
[2024-03-03T14:59:30.787905+00:00] app_logs.INFO: admin - fez logout [] []
[2024-03-03T14:59:36.660367+00:00] app_logs.ERROR: user1 - login inválido [] []
[2024-03-03T14:59:44.876958+00:00] app_logs.INFO: user1 - Login com sucesso [] []
[2024-03-03T15:03:36.334748+00:00] app_logs.INFO: user1 - fez logout [] []
[2024-03-03T15:03:41.003737+00:00] app_logs.ERROR: admin - login inválido [] []
[2024-03-03T15:10:28.740370+00:00] app_logs.ERROR: admin - login inválido [] []
[2024-03-03T15:10:36.277614+00:00] app_logs.INFO: admin - Login com sucesso [] []
[2024-03-03T15:10:38.706162+00:00] app_logs.INFO: admin - fez logout [] []
[2024-03-03T15:10:43.283711+00:00] app_logs.ERROR: admin - login inválido [] []
[2024-03-03T15:12:22.114625+00:00] app_logs.ERROR: admin - login inválido [] []
[2024-03-03T15:13:03.541386+00:00] app_logs.ERROR: admin - login inválido [] []
[2024-03-03T15:13:32.131591+00:00] app_logs.ERROR: admin - login inválido [] []
[2024-03-03T15:13:48.816558+00:00] app_logs.ERROR: admin - login inválido [] []
[2024-03-03T15:14:16.704550+00:00] app_logs.ERROR: admin - login inválido [] []
[2024-03-03T15:14:30.032562+00:00] app_logs.ERROR: admin - login inválido [] []
[2024-03-03T15:14:41.419219+00:00] app_logs.ERROR: admin - login inválido [] []
[2024-03-03T15:14:46.627255+00:00] app_logs.INFO: admin - Login com sucesso [] []
[2024-03-03T15:14:48.451469+00:00] app_logs.INFO: admin - fez logout [] []
[2024-03-03T15:15:29.275421+00:00] app_logs.INFO: admin - Login com sucesso [] []
[2024-03-03T15:15:34.195286+00:00] app_logs.INFO: admin - fez logout [] []
[2024-03-03T15:15:38.665879+00:00] app_logs.ERROR: admin - login inválido [] []
[2024-03-03T15:16:25.322864+00:00] app_logs.ERROR: admin - login inválido [] []
[2024-03-03T15:16:53.317987+00:00] app_logs.ERROR: admin - login inválido [] []
[2024-03-03T15:17:00.198449+00:00] app_logs.INFO: admin - Login com sucesso [] []
[2024-03-03T15:17:05.020075+00:00] app_logs.INFO: admin - fez logout [] []
[2024-03-03T15:18:01.852643+00:00] app_logs.ERROR: admin - login inválido [] []
[2024-03-03T15:18:24.012168+00:00] app_logs.ERROR: admin - login inválido [] []
[2024-03-03T15:18:29.947520+00:00] app_logs.ERROR: admin - login inválido [] []
[2024-03-03T15:19:09.509914+00:00] app_logs.ERROR: admin - login inválido [] []
[2024-03-03T15:19:34.889525+00:00] app_logs.ERROR: admin - login inválido [] []
[2024-03-03T15:19:58.197396+00:00] app_logs.ERROR: admin - login inválido [] []
[2024-03-03T15:20:02.279869+00:00] app_logs.INFO: admin - Login com sucesso [] []
[2024-03-03T15:22:02.119869+00:00] app_logs.INFO: admin - fez logout [] []
[2024-03-03T15:22:07.658013+00:00] app_logs.ERROR: admin - login inválido [] []
[2024-03-08T22:03:19.735273+00:00] app_logs.INFO: admin - Login com sucesso [] []
[2024-03-08T22:25:42.447481+00:00] app_logs.INFO: admin - fez logout [] []
[2024-03-08T22:25:46.672452+00:00] app_logs.INFO: admin - Login com sucesso [] []
[2024-03-08T23:30:47.700074+00:00] app_logs.INFO: admin - fez logout [] []
[2024-03-08T23:30:53.067735+00:00] app_logs.INFO: admin - Login com sucesso [] []
[2024-03-09T00:13:02.876400+00:00] app_logs.INFO: admin - fez logout [] []
[2024-03-09T00:13:06.371694+00:00] app_logs.INFO: admin - Login com sucesso [] []
[2024-03-09T00:35:47.626837+00:00] app_logs.INFO: admin - fez logout [] []
[2024-03-09T00:36:11.614806+00:00] app_logs.INFO: admin - Login com sucesso [] []
[2024-03-09T12:19:24.001550+00:00] app_logs.INFO: admin - Login com sucesso [] []
[2024-03-11T12:10:37.740349+00:00] app_logs.INFO: admin - Login com sucesso [] []
[2024-03-11T12:15:52.491192+00:00] app_logs.INFO: admin - Login com sucesso [] []
[2024-03-11T12:52:28.823371+00:00] app_logs.INFO: admin - fez logout [] []
[2024-03-11T12:52:32.838628+00:00] app_logs.INFO: admin - Login com sucesso [] []
[2024-03-11T13:39:33.196198+00:00] app_logs.INFO: admin - Login com sucesso [] []
[2024-03-11T13:39:40.357668+00:00] app_logs.INFO: admin - fez logout [] []
[2024-03-11T13:39:51.832103+00:00] app_logs.INFO: admin - Login com sucesso [] []
[2024-03-23T13:52:03.886428+00:00] app_logs.INFO: admin - Login com sucesso [] []
[2024-03-23T15:58:28.102036+00:00] app_logs.INFO: admin - fez logout [] []
[2024-03-23T15:58:49.443668+00:00] app_logs.ERROR: user123 - login inválido [] []
[2024-03-23T15:58:56.202701+00:00] app_logs.ERROR: user1 - login inválido [] []
[2024-03-23T15:58:59.962979+00:00] app_logs.ERROR: admin - login inválido [] []
[2024-03-23T15:59:05.666726+00:00] app_logs.ERROR: admin - login inválido [] []
[2024-03-23T15:59:26.960412+00:00] app_logs.ERROR: admin - login inválido [] []
[2024-03-23T15:59:37.313045+00:00] app_logs.ERROR: admin - login inválido [] []
[2024-03-23T15:59:46.402998+00:00] app_logs.ERROR: admin - login inválido [] []
[2024-03-23T15:59:56.858152+00:00] app_logs.ERROR: user2 - login inválido [] []
[2024-03-23T16:00:05.658178+00:00] app_logs.ERROR: admin - login inválido [] []
[2024-03-23T16:00:48.181076+00:00] app_logs.INFO: user4 - Login com sucesso [] []
[2024-03-31T14:32:06.936552+00:00] app_logs.INFO: admin - Login com sucesso [] []
[2024-03-31T15:11:16.021697+00:00] app_logs.INFO: admin - fez logout [] []
[2024-03-31T15:11:21.670169+00:00] app_logs.INFO: admin - Login com sucesso [] []
